docker compose --env-file .env -f infra/docker-compose.yml --profile core --profile olap down -v
 Container p1_reliability_lab-minio-init-1  Stopping
 Container p1_reliability_lab-taskmanager-1  Stopping
 Container p1_reliability_lab-minio-init-1  Stopped
 Container p1_reliability_lab-minio-init-1  Removing
 Container p1_reliability_lab-minio-init-1  Removed
 Container p1_reliability_lab-taskmanager-1  Stopped
 Container p1_reliability_lab-taskmanager-1  Removing
 Container p1_reliability_lab-taskmanager-1  Removed
 Container p1_reliability_lab-jobmanager-1  Stopping
 Container p1_reliability_lab-jobmanager-1  Stopped
 Container p1_reliability_lab-jobmanager-1  Removing
 Container p1_reliability_lab-jobmanager-1  Removed
 Container p1_reliability_lab-mysql-1  Stopping
 Container p1_reliability_lab-minio-1  Stopping
 Container p1_reliability_lab-minio-1  Stopped
 Container p1_reliability_lab-minio-1  Removing
 Container p1_reliability_lab-minio-1  Removed
 Container p1_reliability_lab-mysql-1  Stopped
 Container p1_reliability_lab-mysql-1  Removing
 Container p1_reliability_lab-mysql-1  Removed
 Volume p1_reliability_lab_flink_checkpoints  Removing
 Volume p1_reliability_lab_mysql_data  Removing
 Volume p1_reliability_lab_flink_savepoints  Removing
 Network p1_reliability_lab_default  Removing
 Volume p1_reliability_lab_minio_data  Removing
 Volume p1_reliability_lab_flink_savepoints  Removed
 Volume p1_reliability_lab_mysql_data  Removed
 Volume p1_reliability_lab_flink_checkpoints  Removed
 Volume p1_reliability_lab_minio_data  Removed
 Network p1_reliability_lab_default  Removed
