2026-05-27T15:08:11Z checking core services
2026-05-27T15:08:12Z task-crash: starting deterministic scenario
2026-05-27T15:08:12Z resetting running jobs, MySQL source table, and Iceberg target tables
2026-05-27T15:08:25Z task-crash: submitted job d434fe1d81f8f27d10fb85b978ca00c9 with one-shot crash marker /tmp/p1-phase-1-3-task-crash-4b60c4d5161b4fefafcb48d62ce84819.marker
2026-05-27T15:08:39Z task-crash: baseline committed before crash at checkpoint 6
2026-05-27T15:08:40Z task-crash: controlled task exception observed; waiting for automatic recovery
2026-05-27T15:09:37Z task-crash: snapshot_diff_count=0 event_id_audit_consistent=True
2026-05-27T15:09:39Z cancelling running Flink job d434fe1d81f8f27d10fb85b978ca00c9
2026-05-27T15:09:40Z checkpoint-restore: starting deterministic scenario
2026-05-27T15:09:40Z resetting running jobs, MySQL source table, and Iceberg target tables
2026-05-27T15:09:52Z checkpoint-restore: submitted job 0769944e5b2dd93f36f3a7d03d562a61
2026-05-27T15:10:05Z checkpoint-restore: stopping job 0769944e5b2dd93f36f3a7d03d562a61 after checkpoint 5
2026-05-27T15:10:12Z checkpoint-restore: restored job c6cdf4cc3a83b8fb05e2cd950779c0d5 from file:///opt/flink/checkpoints/0769944e5b2dd93f36f3a7d03d562a61/chk-6
2026-05-27T15:11:20Z checkpoint-restore: snapshot_diff_count=0 event_id_audit_consistent=True
2026-05-27T15:11:24Z cancelling running Flink job c6cdf4cc3a83b8fb05e2cd950779c0d5
2026-05-27T15:11:26Z jobmanager-restart: starting deterministic scenario
2026-05-27T15:11:26Z resetting running jobs, MySQL source table, and Iceberg target tables
2026-05-27T15:11:44Z jobmanager-restart: submitted job 0d5ef97a6af890188267e5eab681a535
2026-05-27T15:12:00Z jobmanager-restart: restarting JobManager after checkpoint 7
2026-05-27T15:12:11Z jobmanager-restart: ensured TaskManager is running after JobManager restart
2026-05-27T15:12:56Z jobmanager-restart: active job after recovery 6d2b471d567b56fe5211105861a7de73
2026-05-27T15:13:47Z jobmanager-restart: snapshot_diff_count=0 event_id_audit_consistent=True
2026-05-27T15:13:48Z cancelling running Flink job 6d2b471d567b56fe5211105861a7de73
2026-05-27T15:13:50Z savepoint-restore: starting deterministic scenario
2026-05-27T15:13:50Z resetting running jobs, MySQL source table, and Iceberg target tables
2026-05-27T15:14:05Z savepoint-restore: submitted job 4838f8c175f327962bd3366a35cf140d
2026-05-27T15:14:21Z savepoint-restore: created savepoint file:/opt/flink/savepoints/savepoint-4838f8-e7a91c2a50d2
2026-05-27T15:14:29Z savepoint-restore: restored job 2fb90d4411d257d8548bc2c34e1a0dda from file:/opt/flink/savepoints/savepoint-4838f8-e7a91c2a50d2
2026-05-27T15:15:36Z savepoint-restore: snapshot_diff_count=0 event_id_audit_consistent=True
2026-05-27T15:15:38Z cancelling running Flink job 2fb90d4411d257d8548bc2c34e1a0dda
2026-05-27T15:15:40Z sink-commit-fault: starting deterministic scenario
2026-05-27T15:15:40Z resetting running jobs, MySQL source table, and Iceberg target tables
2026-05-27T15:16:00Z sink-commit-fault: submitted job c5204863b42a291725de28d104f038c9 with checkpoint-complete marker /tmp/p1-phase-2-1-sink-commit-abd5a4f5ede24eafa73ec1b053d1c7bf.marker
2026-05-27T15:16:18Z sink-commit-fault: baseline committed before injected fault at checkpoint 6
2026-05-27T15:16:24Z sink-commit-fault: checkpoint-complete exception observed; waiting for recovery
2026-05-27T15:17:51Z sink-commit-fault: snapshot_diff_count=0 event_id_audit_consistent=True
2026-05-27T15:17:52Z cancelling running Flink job c5204863b42a291725de28d104f038c9
